TN:
SF:/home/chard/Code/cheta/Lab3Sem3/src/AVL.cpp
FN:10,10,_ZN7AVLTreeC2Ev
FN:120,122,_ZNK7AVLTree6searchEi
FN:124,134,_ZNK7AVLTree6searchEP7NodeAVLi
FN:13,15,_ZN7AVLTreeD2Ev
FN:137,139,_ZN7AVLTree6removeEi
FN:141,197,_ZN7AVLTree10deleteNodeEP7NodeAVLi
FN:17,19,_ZNK7AVLTree7getRootEv
FN:202,209,_ZNK7AVLTree5printEv
FN:212,222,_ZNK7AVLTree5printEP7NodeAVLii
FN:22,24,_ZNK7AVLTree6heightEP7NodeAVL
FN:225,228,_ZN7AVLTree5clearEv
FN:230,237,_ZN7AVLTree4freeEP7NodeAVL
FN:240,247,_ZNK7AVLTree17serializeToBinaryERKNSt7__cxx1112basic_stringIcSt11char_traitsIcESaIcEEE
FN:249,259,_ZNK7AVLTree17serializeToBinaryEP7NodeAVLRSt14basic_ofstreamIcSt11char_traitsIcEE
FN:262,270,_ZN7AVLTree21deserializeFromBinaryERKNSt7__cxx1112basic_stringIcSt11char_traitsIcESaIcEEE
FN:27,29,_ZNK7AVLTree10getBalanceEP7NodeAVL
FN:272,287,_ZN7AVLTree21deserializeFromBinaryERSt14basic_ifstreamIcSt11char_traitsIcEE
FN:290,297,_ZNK7AVLTree15serializeToTextERKNSt7__cxx1112basic_stringIcSt11char_traitsIcESaIcEEE
FN:299,308,_ZNK7AVLTree15serializeToTextEP7NodeAVLRSt14basic_ofstreamIcSt11char_traitsIcEE
FN:311,319,_ZN7AVLTree19deserializeFromTextERKNSt7__cxx1112basic_stringIcSt11char_traitsIcESaIcEEE
FN:32,36,_ZN7AVLTree12updateHeightEP7NodeAVL
FN:321,333,_ZN7AVLTree19deserializeFromTextERSt14basic_ifstreamIcSt11char_traitsIcEE
FN:38,47,_ZNK7AVLTree12minValueNodeEP7NodeAVL
FN:50,61,_ZN7AVLTree11rotateRightEP7NodeAVL
FN:64,75,_ZN7AVLTree10rotateLeftEP7NodeAVL
FN:78,80,_ZN7AVLTree6insertEi
FN:82,117,_ZN7AVLTree6insertEP7NodeAVLi
FNDA:48,_ZN7AVLTreeC2Ev
FNDA:78,_ZNK7AVLTree6searchEi
FNDA:138,_ZNK7AVLTree6searchEP7NodeAVLi
FNDA:48,_ZN7AVLTreeD2Ev
FNDA:6,_ZN7AVLTree6removeEi
FNDA:12,_ZN7AVLTree10deleteNodeEP7NodeAVLi
FNDA:42,_ZNK7AVLTree7getRootEv
FNDA:9,_ZNK7AVLTree5printEv
FNDA:36,_ZNK7AVLTree5printEP7NodeAVLii
FNDA:660,_ZNK7AVLTree6heightEP7NodeAVL
FNDA:57,_ZN7AVLTree5clearEv
FNDA:321,_ZN7AVLTree4freeEP7NodeAVL
FNDA:3,_ZNK7AVLTree17serializeToBinaryERKNSt7__cxx1112basic_stringIcSt11char_traitsIcESaIcEEE
FNDA:21,_ZNK7AVLTree17serializeToBinaryEP7NodeAVLRSt14basic_ofstreamIcSt11char_traitsIcEE
FNDA:3,_ZN7AVLTree21deserializeFromBinaryERKNSt7__cxx1112basic_stringIcSt11char_traitsIcESaIcEEE
FNDA:120,_ZNK7AVLTree10getBalanceEP7NodeAVL
FNDA:21,_ZN7AVLTree21deserializeFromBinaryERSt14basic_ifstreamIcSt11char_traitsIcEE
FNDA:3,_ZNK7AVLTree15serializeToTextERKNSt7__cxx1112basic_stringIcSt11char_traitsIcESaIcEEE
FNDA:21,_ZNK7AVLTree15serializeToTextEP7NodeAVLRSt14basic_ofstreamIcSt11char_traitsIcEE
FNDA:3,_ZN7AVLTree19deserializeFromTextERKNSt7__cxx1112basic_stringIcSt11char_traitsIcESaIcEEE
FNDA:210,_ZN7AVLTree12updateHeightEP7NodeAVL
FNDA:21,_ZN7AVLTree19deserializeFromTextERSt14basic_ifstreamIcSt11char_traitsIcEE
FNDA:3,_ZNK7AVLTree12minValueNodeEP7NodeAVL
FNDA:15,_ZN7AVLTree11rotateRightEP7NodeAVL
FNDA:21,_ZN7AVLTree10rotateLeftEP7NodeAVL
FNDA:123,_ZN7AVLTree6insertEi
FNDA:237,_ZN7AVLTree6insertEP7NodeAVLi
FNF:27
FNH:27
DA:10,48
DA:13,48
DA:14,48
DA:15,48
DA:17,42
DA:18,42
DA:22,660
DA:23,660
DA:27,120
DA:28,120
DA:32,210
DA:33,210
DA:34,210
DA:36,210
DA:38,3
DA:39,3
DA:42,3
DA:43,0
DA:46,3
DA:50,15
DA:51,15
DA:52,15
DA:54,15
DA:55,15
DA:57,15
DA:58,15
DA:60,15
DA:64,21
DA:65,21
DA:66,21
DA:68,21
DA:69,21
DA:71,21
DA:72,21
DA:74,21
DA:78,123
DA:79,123
DA:80,123
DA:82,237
DA:83,237
DA:85,117
DA:86,45
DA:87,72
DA:88,69
DA:90,3
DA:93,114
DA:95,114
DA:98,114
DA:99,3
DA:102,111
DA:103,9
DA:106,102
DA:107,3
DA:108,3
DA:111,99
DA:112,9
DA:113,9
DA:116,90
DA:120,78
DA:121,78
DA:124,138
DA:125,138
DA:126,78
DA:129,60
DA:130,30
DA:133,30
DA:137,6
DA:138,6
DA:139,6
DA:141,12
DA:142,12
DA:145,12
DA:146,0
DA:147,12
DA:148,3
DA:151,9
DA:152,6
DA:154,6
DA:155,6
DA:156,6
DA:158,0
DA:160,6
DA:161,6
DA:163,3
DA:164,3
DA:165,3
DA:169,12
DA:172,6
DA:175,6
DA:178,6
DA:179,0
DA:182,6
DA:183,0
DA:184,0
DA:187,6
DA:188,0
DA:191,6
DA:192,0
DA:193,0
DA:196,6
DA:202,9
DA:203,9
DA:204,3
DA:205,3
DA:207,6
DA:208,6
DA:212,36
DA:213,36
DA:215,15
DA:217,15
DA:219,15
DA:221,15
DA:225,57
DA:226,57
DA:227,57
DA:228,57
DA:230,321
DA:231,321
DA:233,132
DA:234,132
DA:236,132
DA:240,3
DA:241,3
DA:242,3
DA:243,0
DA:245,3
DA:246,3
DA:247,3
DA:249,21
DA:250,21
DA:251,12
DA:252,12
DA:253,12
DA:256,9
DA:257,9
DA:258,9
DA:262,3
DA:263,3
DA:264,3
DA:265,0
DA:267,3
DA:268,3
DA:269,3
DA:270,3
DA:272,21
DA:274,21
DA:275,0
DA:278,21
DA:279,12
DA:282,9
DA:283,9
DA:284,9
DA:285,9
DA:286,9
DA:290,3
DA:291,3
DA:292,3
DA:293,0
DA:295,3
DA:296,3
DA:297,3
DA:299,21
DA:300,21
DA:301,12
DA:302,12
DA:305,9
DA:306,9
DA:307,9
DA:311,3
DA:312,3
DA:313,3
DA:314,0
DA:316,3
DA:317,3
DA:318,3
DA:319,3
DA:321,21
DA:322,21
DA:323,21
DA:324,12
DA:327,9
DA:328,9
DA:329,9
DA:330,9
DA:331,9
DA:332,9
DA:333,21
LF:187
LH:173
end_of_record
TN:
SF:/home/chard/Code/cheta/Lab3Sem3/src/AVL.h
FN:12,12,_ZN7NodeAVLC2Ei
FNDA:138,_ZN7NodeAVLC2Ei
FNF:1
FNH:1
DA:12,138
LF:1
LH:1
end_of_record
TN:
SF:/home/chard/Code/cheta/Lab3Sem3/src/Array.cpp
FN:102,110,_ZN5Array19deserializeFromTextERKNSt7__cxx1112basic_stringIcSt11char_traitsIcESaIcEEE
FN:113,120,_ZNK5Array17serializeToBinaryERKNSt7__cxx1112basic_stringIcSt11char_traitsIcESaIcEEE
FN:123,148,_ZN5Array21deserializeFromBinaryERKNSt7__cxx1112basic_stringIcSt11char_traitsIcESaIcEEE
FN:151,156,_ZN5Array4freeEv
FN:16,18,_ZN5ArrayD2Ev
FN:21,29,_ZN5Array6resizeEv
FN:32,35,_ZN5Array6appendEi
FN:38,46,_ZN5Array6insertEii
FN:49,54,_ZNK5Array3getEi
FN:57,63,_ZN5Array6removeEi
FN:6,13,_ZN5ArrayC2Ei
FN:66,71,_ZN5Array7replaceEii
FN:74,76,_ZNK5Array6lengthEv
FN:78,83,_ZNK5Array7displayEv
FN:86,88,_ZNK5Array11writeToFileERKNSt7__cxx1112basic_stringIcSt11char_traitsIcESaIcEEE
FN:91,99,_ZNK5Array15serializeToTextERKNSt7__cxx1112basic_stringIcSt11char_traitsIcESaIcEEE
FNDA:6,_ZN5Array19deserializeFromTextERKNSt7__cxx1112basic_stringIcSt11char_traitsIcESaIcEEE
FNDA:6,_ZNK5Array17serializeToBinaryERKNSt7__cxx1112basic_stringIcSt11char_traitsIcESaIcEEE
FNDA:6,_ZN5Array21deserializeFromBinaryERKNSt7__cxx1112basic_stringIcSt11char_traitsIcESaIcEEE
FNDA:9,_ZN5Array4freeEv
FNDA:42,_ZN5ArrayD2Ev
FNDA:9,_ZN5Array6resizeEv
FNDA:81,_ZN5Array6appendEi
FNDA:21,_ZN5Array6insertEii
FNDA:93,_ZNK5Array3getEi
FNDA:30,_ZN5Array6removeEi
FNDA:42,_ZN5ArrayC2Ei
FNDA:18,_ZN5Array7replaceEii
FNDA:51,_ZNK5Array6lengthEv
FNDA:6,_ZNK5Array7displayEv
FNDA:0,_ZNK5Array11writeToFileERKNSt7__cxx1112basic_stringIcSt11char_traitsIcESaIcEEE
FNDA:6,_ZNK5Array15serializeToTextERKNSt7__cxx1112basic_stringIcSt11char_traitsIcESaIcEEE
FNF:16
FNH:15
DA:6,42
DA:7,42
DA:8,0
DA:10,42
DA:11,42
DA:12,42
DA:13,42
DA:16,42
DA:17,42
DA:18,42
DA:21,9
DA:23,9
DA:24,9
DA:25,9
DA:26,24
DA:27,9
DA:28,9
DA:29,9
DA:32,81
DA:33,81
DA:34,81
DA:35,81
DA:38,21
DA:39,21
DA:40,6
DA:42,15
DA:43,30
DA:44,15
DA:45,15
DA:46,15
DA:49,93
DA:50,93
DA:51,6
DA:53,87
DA:57,30
DA:58,30
DA:59,9
DA:61,30
DA:62,21
DA:63,21
DA:66,18
DA:67,18
DA:68,6
DA:70,12
DA:71,12
DA:74,51
DA:75,51
DA:78,6
DA:79,15
DA:80,9
DA:82,6
DA:83,6
DA:86,0
DA:87,0
DA:88,0
DA:91,6
DA:92,6
DA:93,6
DA:94,0
DA:96,15
DA:97,9
DA:99,6
DA:102,6
DA:103,6
DA:104,6
DA:105,0
DA:107,6
DA:109,15
DA:110,6
DA:113,6
DA:114,6
DA:115,6
DA:116,0
DA:118,6
DA:119,6
DA:120,6
DA:123,6
DA:124,6
DA:125,6
DA:126,0
DA:130,6
DA:131,6
DA:132,6
DA:133,0
DA:137,6
DA:138,6
DA:139,6
DA:140,6
DA:142,6
DA:143,3
DA:144,3
DA:145,0
DA:148,6
DA:151,9
DA:152,9
DA:153,9
DA:154,9
DA:155,9
DA:156,9
LF:99
LH:89
end_of_record
TN:
SF:/home/chard/Code/cheta/Lab3Sem3/src/HashTable.cpp
FN:100,114,_ZNK9HashTable15serializeToTextERKNSt7__cxx1112basic_stringIcSt11char_traitsIcESaIcEEE
FN:11,13,_ZN9HashTableD2Ev
FN:117,129,_ZN9HashTable19deserializeFromTextERKNSt7__cxx1112basic_stringIcSt11char_traitsIcESaIcEEE
FN:132,153,_ZNK9HashTable17serializeToBinaryERKNSt7__cxx1112basic_stringIcSt11char_traitsIcESaIcEEE
FN:15,21,_ZNK9HashTable12hashFunctionERKNSt7__cxx1112basic_stringIcSt11char_traitsIcESaIcEEE
FN:156,178,_ZN9HashTable21deserializeFromBinaryERKNSt7__cxx1112basic_stringIcSt11char_traitsIcESaIcEEE
FN:23,42,_ZN9HashTable6insertERKNSt7__cxx1112basic_stringIcSt11char_traitsIcESaIcEEES7_
FN:44,53,_ZNK9HashTable3getERKNSt7__cxx1112basic_stringIcSt11char_traitsIcESaIcEEE
FN:5,9,_ZN9HashTableC2Ev
FN:55,73,_ZN9HashTable6removeERKNSt7__cxx1112basic_stringIcSt11char_traitsIcESaIcEEE
FN:75,85,_ZNK9HashTable5printEv
FN:87,97,_ZN9HashTable5clearEv
FNDA:3,_ZNK9HashTable15serializeToTextERKNSt7__cxx1112basic_stringIcSt11char_traitsIcESaIcEEE
FNDA:36,_ZN9HashTableD2Ev
FNDA:3,_ZN9HashTable19deserializeFromTextERKNSt7__cxx1112basic_stringIcSt11char_traitsIcESaIcEEE
FNDA:3,_ZNK9HashTable17serializeToBinaryERKNSt7__cxx1112basic_stringIcSt11char_traitsIcESaIcEEE
FNDA:129,_ZNK9HashTable12hashFunctionERKNSt7__cxx1112basic_stringIcSt11char_traitsIcESaIcEEE
FNDA:3,_ZN9HashTable21deserializeFromBinaryERKNSt7__cxx1112basic_stringIcSt11char_traitsIcESaIcEEE
FNDA:66,_ZN9HashTable6insertERKNSt7__cxx1112basic_stringIcSt11char_traitsIcESaIcEEES7_
FNDA:54,_ZNK9HashTable3getERKNSt7__cxx1112basic_stringIcSt11char_traitsIcESaIcEEE
FNDA:36,_ZN9HashTableC2Ev
FNDA:9,_ZN9HashTable6removeERKNSt7__cxx1112basic_stringIcSt11char_traitsIcESaIcEEE
FNDA:9,_ZNK9HashTable5printEv
FNDA:45,_ZN9HashTable5clearEv
FNF:12
FNH:12
DA:5,36
DA:6,396
DA:7,360
DA:9,36
DA:11,36
DA:12,36
DA:13,36
DA:15,129
DA:16,129
DA:17,645
DA:18,516
DA:20,129
DA:23,66
DA:24,66
DA:25,66
DA:27,66
DA:28,63
DA:30,3
DA:31,3
DA:32,3
DA:33,3
DA:34,3
DA:35,3
DA:37,0
DA:38,0
DA:40,0
DA:44,54
DA:45,54
DA:46,54
DA:48,54
DA:49,36
DA:50,0
DA:52,36
DA:55,9
DA:56,9
DA:57,9
DA:58,9
DA:60,9
DA:61,6
DA:62,6
DA:63,0
DA:65,6
DA:67,6
DA:68,6
DA:70,0
DA:71,0
DA:75,9
DA:76,99
DA:77,90
DA:78,90
DA:79,99
DA:80,9
DA:81,9
DA:83,90
DA:85,9
DA:87,45
DA:88,495
DA:89,450
DA:90,507
DA:91,57
DA:92,57
DA:93,57
DA:95,450
DA:97,45
DA:100,3
DA:101,3
DA:102,3
DA:103,0
DA:106,33
DA:107,30
DA:108,36
DA:109,6
DA:110,6
DA:113,3
DA:114,3
DA:117,3
DA:118,3
DA:119,3
DA:120,0
DA:123,3
DA:124,3
DA:125,9
DA:126,6
DA:128,3
DA:129,3
DA:132,3
DA:133,3
DA:134,3
DA:135,0
DA:138,33
DA:139,30
DA:140,36
DA:141,6
DA:142,6
DA:144,6
DA:145,6
DA:146,6
DA:147,6
DA:149,6
DA:152,3
DA:153,3
DA:156,3
DA:157,3
DA:158,3
DA:159,0
DA:162,3
DA:163,9
DA:165,6
DA:167,6
DA:168,6
DA:170,6
DA:172,6
DA:173,6
DA:175,6
DA:176,6
DA:177,3
DA:178,3
LF:117
LH:106
end_of_record
TN:
SF:/home/chard/Code/cheta/Lab3Sem3/src/HashTable.h
FN:13,14,_ZN8NodeHashC2ERKNSt7__cxx1112basic_stringIcSt11char_traitsIcESaIcEEES7_PS_
FNDA:66,_ZN8NodeHashC2ERKNSt7__cxx1112basic_stringIcSt11char_traitsIcESaIcEEES7_PS_
FNF:1
FNH:1
DA:13,66
DA:14,66
LF:2
LH:2
end_of_record
TN:
SF:/home/chard/Code/cheta/Lab3Sem3/src/LS.h
FN:10,11,_ZN6NodeL2C2EiPS_S0_
FNDA:84,_ZN6NodeL2C2EiPS_S0_
FNF:1
FNH:1
DA:10,84
DA:11,84
LF:2
LH:2
end_of_record
TN:
SF:/home/chard/Code/cheta/Lab3Sem3/src/ListOne.cpp
FN:111,115,_ZN7ListOne5clearEv
FN:118,132,_ZNK7ListOne15serializeToTextERKNSt7__cxx1112basic_stringIcSt11char_traitsIcESaIcEEE
FN:12,14,_ZN7ListOneD2Ev
FN:135,150,_ZN7ListOne19deserializeFromTextERKNSt7__cxx1112basic_stringIcSt11char_traitsIcESaIcEEE
FN:153,167,_ZNK7ListOne17serializeToBinaryERKNSt7__cxx1112basic_stringIcSt11char_traitsIcESaIcEEE
FN:17,19,_ZN7ListOne9addToHeadEi
FN:170,185,_ZN7ListOne21deserializeFromBinaryERKNSt7__cxx1112basic_stringIcSt11char_traitsIcESaIcEEE
FN:22,34,_ZN7ListOne9addToTailEi
FN:37,43,_ZN7ListOne10removeHeadEv
FN:46,60,_ZN7ListOne10removeTailEv
FN:63,83,_ZN7ListOne13removeByValueEi
FN:86,95,_ZNK7ListOne6searchEi
FN:9,9,_ZN7ListOneC2Ev
FN:98,108,_ZNK7ListOne5printEv
FNDA:63,_ZN7ListOne5clearEv
FNDA:3,_ZNK7ListOne15serializeToTextERKNSt7__cxx1112basic_stringIcSt11char_traitsIcESaIcEEE
FNDA:54,_ZN7ListOneD2Ev
FNDA:3,_ZN7ListOne19deserializeFromTextERKNSt7__cxx1112basic_stringIcSt11char_traitsIcESaIcEEE
FNDA:3,_ZNK7ListOne17serializeToBinaryERKNSt7__cxx1112basic_stringIcSt11char_traitsIcESaIcEEE
FNDA:48,_ZN7ListOne9addToHeadEi
FNDA:3,_ZN7ListOne21deserializeFromBinaryERKNSt7__cxx1112basic_stringIcSt11char_traitsIcESaIcEEE
FNDA:66,_ZN7ListOne9addToTailEi
FNDA:96,_ZN7ListOne10removeHeadEv
FNDA:3,_ZN7ListOne10removeTailEv
FNDA:21,_ZN7ListOne13removeByValueEi
FNDA:21,_ZNK7ListOne6searchEi
FNDA:54,_ZN7ListOneC2Ev
FNDA:45,_ZNK7ListOne5printEv
FNF:14
FNH:14
DA:9,54
DA:12,54
DA:13,54
DA:14,54
DA:17,48
DA:18,48
DA:19,48
DA:22,66
DA:23,66
DA:25,66
DA:26,30
DA:28,36
DA:29,42
DA:30,6
DA:32,36
DA:34,66
DA:37,96
DA:38,96
DA:39,96
DA:40,96
DA:41,96
DA:43,96
DA:46,3
DA:47,3
DA:49,3
DA:50,0
DA:51,0
DA:53,3
DA:54,3
DA:55,0
DA:57,3
DA:58,3
DA:63,21
DA:64,21
DA:66,18
DA:67,3
DA:68,3
DA:69,3
DA:70,3
DA:73,15
DA:74,24
DA:75,9
DA:78,15
DA:79,12
DA:80,12
DA:81,12
DA:86,21
DA:87,21
DA:88,42
DA:89,33
DA:90,12
DA:92,21
DA:94,9
DA:98,45
DA:99,45
DA:100,9
DA:102,36
DA:103,108
DA:104,72
DA:105,72
DA:107,36
DA:111,63
DA:112,153
DA:113,90
DA:115,63
DA:118,3
DA:119,3
DA:121,3
DA:122,0
DA:125,3
DA:126,9
DA:127,6
DA:128,6
DA:131,3
DA:132,3
DA:135,3
DA:136,3
DA:138,3
DA:139,0
DA:142,3
DA:145,9
DA:146,6
DA:149,3
DA:150,3
DA:153,3
DA:154,3
DA:156,3
DA:157,0
DA:160,3
DA:161,9
DA:162,6
DA:163,6
DA:166,3
DA:167,3
DA:170,3
DA:171,3
DA:173,3
DA:174,0
DA:177,3
DA:180,9
DA:181,6
DA:184,3
DA:185,3
LF:103
LH:96
end_of_record
TN:
SF:/home/chard/Code/cheta/Lab3Sem3/src/ListSecond.cpp
FN:108,119,_ZNK10DoubleList5printEv
FN:12,14,_ZN10DoubleListD2Ev
FN:123,129,_ZN10DoubleList5clearEv
FN:132,146,_ZNK10DoubleList15serializeToTextERKNSt7__cxx1112basic_stringIcSt11char_traitsIcESaIcEEE
FN:149,164,_ZN10DoubleList19deserializeFromTextERKNSt7__cxx1112basic_stringIcSt11char_traitsIcESaIcEEE
FN:167,181,_ZNK10DoubleList17serializeToBinaryERKNSt7__cxx1112basic_stringIcSt11char_traitsIcESaIcEEE
FN:17,26,_ZN10DoubleList9addToHeadEi
FN:184,199,_ZN10DoubleList21deserializeFromBinaryERKNSt7__cxx1112basic_stringIcSt11char_traitsIcESaIcEEE
FN:29,38,_ZN10DoubleList9addToTailEi
FN:41,53,_ZN10DoubleList14removeFromHeadEv
FN:56,68,_ZN10DoubleList14removeFromTailEv
FN:71,93,_ZN10DoubleList13removeByValueEi
FN:9,9,_ZN10DoubleListC2Ev
FN:96,105,_ZNK10DoubleList4findEi
FNDA:30,_ZNK10DoubleList5printEv
FNDA:39,_ZN10DoubleListD2Ev
FNDA:48,_ZN10DoubleList5clearEv
FNDA:3,_ZNK10DoubleList15serializeToTextERKNSt7__cxx1112basic_stringIcSt11char_traitsIcESaIcEEE
FNDA:3,_ZN10DoubleList19deserializeFromTextERKNSt7__cxx1112basic_stringIcSt11char_traitsIcESaIcEEE
FNDA:3,_ZNK10DoubleList17serializeToBinaryERKNSt7__cxx1112basic_stringIcSt11char_traitsIcESaIcEEE
FNDA:21,_ZN10DoubleList9addToHeadEi
FNDA:3,_ZN10DoubleList21deserializeFromBinaryERKNSt7__cxx1112basic_stringIcSt11char_traitsIcESaIcEEE
FNDA:63,_ZN10DoubleList9addToTailEi
FNDA:78,_ZN10DoubleList14removeFromHeadEv
FNDA:3,_ZN10DoubleList14removeFromTailEv
FNDA:3,_ZN10DoubleList13removeByValueEi
FNDA:39,_ZN10DoubleListC2Ev
FNDA:15,_ZNK10DoubleList4findEi
FNF:14
FNH:14
DA:9,39
DA:12,39
DA:13,39
DA:14,39
DA:17,21
DA:18,21
DA:20,21
DA:21,12
DA:23,9
DA:25,21
DA:26,21
DA:29,63
DA:30,63
DA:32,63
DA:33,36
DA:35,27
DA:37,63
DA:38,63
DA:41,78
DA:42,78
DA:44,78
DA:45,78
DA:47,78
DA:48,42
DA:50,36
DA:52,78
DA:56,3
DA:57,3
DA:59,3
DA:60,3
DA:62,3
DA:63,3
DA:65,0
DA:67,3
DA:71,3
DA:72,3
DA:74,6
DA:75,6
DA:76,3
DA:77,3
DA:79,0
DA:82,3
DA:83,3
DA:85,0
DA:88,3
DA:89,3
DA:91,3
DA:96,15
DA:97,15
DA:98,30
DA:99,24
DA:100,9
DA:102,15
DA:104,6
DA:108,30
DA:109,30
DA:110,6
DA:111,6
DA:113,24
DA:114,75
DA:115,51
DA:116,51
DA:118,24
DA:123,48
DA:124,120
DA:125,72
DA:128,48
DA:129,48
DA:132,3
DA:133,3
DA:135,3
DA:136,0
DA:139,3
DA:140,9
DA:141,6
DA:142,6
DA:145,3
DA:146,3
DA:149,3
DA:150,3
DA:152,3
DA:153,0
DA:156,3
DA:159,9
DA:160,6
DA:163,3
DA:164,3
DA:167,3
DA:168,3
DA:170,3
DA:171,0
DA:174,3
DA:175,9
DA:176,6
DA:177,6
DA:180,3
DA:181,3
DA:184,3
DA:185,3
DA:187,3
DA:188,0
DA:191,3
DA:194,9
DA:195,6
DA:198,3
DA:199,3
LF:106
LH:99
end_of_record
TN:
SF:/home/chard/Code/cheta/Lab3Sem3/src/Node.h
FN:10,11,_ZN4NodeC2EiPS_
FNDA:186,_ZN4NodeC2EiPS_
FNF:1
FNH:1
DA:10,186
DA:11,186
LF:2
LH:2
end_of_record
TN:
SF:/home/chard/Code/cheta/Lab3Sem3/src/Queue.cpp
FN:100,111,_ZN5Queue21deserializeFromBinaryERKNSt7__cxx1112basic_stringIcSt11char_traitsIcESaIcEEE
FN:114,118,_ZN5Queue5clearEv
FN:12,14,_ZN5QueueD2Ev
FN:17,25,_ZN5Queue7enqueueEi
FN:28,40,_ZN5Queue7dequeueEv
FN:43,55,_ZNK5Queue5printEv
FN:58,69,_ZNK5Queue15serializeToTextERKNSt7__cxx1112basic_stringIcSt11char_traitsIcESaIcEEE
FN:72,83,_ZN5Queue19deserializeFromTextERKNSt7__cxx1112basic_stringIcSt11char_traitsIcESaIcEEE
FN:86,97,_ZNK5Queue17serializeToBinaryERKNSt7__cxx1112basic_stringIcSt11char_traitsIcESaIcEEE
FN:9,9,_ZN5QueueC2Ev
FNDA:3,_ZN5Queue21deserializeFromBinaryERKNSt7__cxx1112basic_stringIcSt11char_traitsIcESaIcEEE
FNDA:33,_ZN5Queue5clearEv
FNDA:24,_ZN5QueueD2Ev
FNDA:72,_ZN5Queue7enqueueEi
FNDA:84,_ZN5Queue7dequeueEv
FNDA:6,_ZNK5Queue5printEv
FNDA:3,_ZNK5Queue15serializeToTextERKNSt7__cxx1112basic_stringIcSt11char_traitsIcESaIcEEE
FNDA:3,_ZN5Queue19deserializeFromTextERKNSt7__cxx1112basic_stringIcSt11char_traitsIcESaIcEEE
FNDA:3,_ZNK5Queue17serializeToBinaryERKNSt7__cxx1112basic_stringIcSt11char_traitsIcESaIcEEE
FNDA:24,_ZN5QueueC2Ev
FNF:10
FNH:10
DA:9,24
DA:12,24
DA:13,24
DA:14,24
DA:17,72
DA:18,72
DA:19,72
DA:20,24
DA:22,48
DA:23,48
DA:25,72
DA:28,84
DA:29,84
DA:30,12
DA:32,72
DA:33,72
DA:34,72
DA:35,72
DA:36,24
DA:38,72
DA:39,72
DA:43,6
DA:44,6
DA:45,0
DA:46,0
DA:48,6
DA:49,6
DA:50,24
DA:51,18
DA:52,18
DA:54,6
DA:58,3
DA:59,3
DA:60,3
DA:61,0
DA:63,3
DA:64,12
DA:65,9
DA:66,9
DA:68,3
DA:69,3
DA:72,3
DA:73,3
DA:74,3
DA:75,0
DA:77,3
DA:79,12
DA:80,9
DA:82,3
DA:83,3
DA:86,3
DA:87,3
DA:88,3
DA:89,0
DA:91,3
DA:92,12
DA:93,9
DA:94,9
DA:96,3
DA:97,3
DA:100,3
DA:101,3
DA:102,3
DA:103,0
DA:105,3
DA:107,12
DA:108,9
DA:110,3
DA:111,3
DA:114,33
DA:115,69
DA:116,36
DA:118,33
LF:73
LH:67
end_of_record
TN:
SF:/home/chard/Code/cheta/Lab3Sem3/src/Stack.cpp
FN:106,110,_ZN5Stack5clearEv
FN:11,13,_ZN5StackD2Ev
FN:15,19,_ZN5Stack4pushEi
FN:21,28,_ZN5Stack3popEv
FN:30,42,_ZNK5Stack5printEv
FN:44,57,_ZNK5Stack15serializeToTextERKNSt7__cxx1112basic_stringIcSt11char_traitsIcESaIcEEE
FN:59,73,_ZN5Stack19deserializeFromTextERKNSt7__cxx1112basic_stringIcSt11char_traitsIcESaIcEEE
FN:75,88,_ZNK5Stack17serializeToBinaryERKNSt7__cxx1112basic_stringIcSt11char_traitsIcESaIcEEE
FN:9,9,_ZN5StackC2Ev
FN:90,104,_ZN5Stack21deserializeFromBinaryERKNSt7__cxx1112basic_stringIcSt11char_traitsIcESaIcEEE
FNDA:27,_ZN5Stack5clearEv
FNDA:21,_ZN5StackD2Ev
FNDA:54,_ZN5Stack4pushEi
FNDA:54,_ZN5Stack3popEv
FNDA:18,_ZNK5Stack5printEv
FNDA:3,_ZNK5Stack15serializeToTextERKNSt7__cxx1112basic_stringIcSt11char_traitsIcESaIcEEE
FNDA:3,_ZN5Stack19deserializeFromTextERKNSt7__cxx1112basic_stringIcSt11char_traitsIcESaIcEEE
FNDA:3,_ZNK5Stack17serializeToBinaryERKNSt7__cxx1112basic_stringIcSt11char_traitsIcESaIcEEE
FNDA:21,_ZN5StackC2Ev
FNDA:3,_ZN5Stack21deserializeFromBinaryERKNSt7__cxx1112basic_stringIcSt11char_traitsIcESaIcEEE
FNF:10
FNH:10
DA:9,21
DA:11,21
DA:12,21
DA:13,21
DA:15,54
DA:16,54
DA:17,54
DA:18,54
DA:19,54
DA:21,54
DA:22,54
DA:23,0
DA:25,54
DA:26,54
DA:27,54
DA:28,54
DA:30,18
DA:31,18
DA:32,3
DA:33,3
DA:35,15
DA:36,15
DA:37,57
DA:38,42
DA:39,42
DA:41,15
DA:44,3
DA:45,3
DA:46,3
DA:47,0
DA:50,3
DA:51,12
DA:52,9
DA:53,9
DA:56,3
DA:57,3
DA:59,3
DA:60,3
DA:61,3
DA:62,0
DA:65,3
DA:68,12
DA:69,9
DA:72,3
DA:73,3
DA:75,3
DA:76,3
DA:77,3
DA:78,0
DA:81,3
DA:82,12
DA:83,9
DA:84,9
DA:87,3
DA:88,3
DA:90,3
DA:91,3
DA:92,3
DA:93,0
DA:96,3
DA:99,12
DA:100,9
DA:103,3
DA:104,3
DA:106,27
DA:107,69
DA:108,42
DA:110,27
LF:68
LH:63
end_of_record
TN:
SF:/home/chard/Code/cheta/Lab3Sem3/src/Stack.h
FN:9,9,_ZN5Stack4NodeC2Ei
FNDA:54,_ZN5Stack4NodeC2Ei
FNF:1
FNH:1
DA:9,54
LF:1
LH:1
end_of_record
